<?xml version="1.0" encoding="utf-8"?><testsuites name="pytest tests"><testsuite name="pytest" errors="0" failures="0" skipped="0" tests="14" time="60.294" timestamp="2026-09-22T12:04:28.844394+08:00" hostname="zhangwentaodeMacBook-Pro.local"><testcase classname="tests.test_punctuation_closed_read_recovery" name="test_frozen_mapping_failure_is_verified_and_replayed_idempotently" time="2.464"><properties><property name="background_scheduled" value="3" /><property name="background_executed" value="0" /><property name="background_generated" value="0" /></properties></testcase><testcase classname="tests.test_punctuation_closed_read_recovery" name="test_accepted_recovery_receipt_cannot_be_reused_for_a_changed_frame[body]" time="2.179"><properties><property name="background_scheduled" value="3" /><property name="background_executed" value="0" /><property name="background_generated" value="0" /></properties></testcase><testcase classname="tests.test_punctuation_closed_read_recovery" name="test_accepted_recovery_receipt_cannot_be_reused_for_a_changed_frame[mapping]" time="2.258"><properties><property name="background_scheduled" value="3" /><property name="background_executed" value="0" /><property name="background_generated" value="0" /></properties></testcase><testcase classname="tests.test_punctuation_closed_read_recovery" name="test_accepted_recovery_receipt_cannot_be_reused_for_a_changed_frame[suffix]" time="2.216"><properties><property name="background_scheduled" value="3" /><property name="background_executed" value="0" /><property name="background_generated" value="0" /></properties></testcase><testcase classname="tests.test_punctuation_closed_read_recovery" name="test_closed_mapping_recovery_retains_original_guards[wrong_mapping]" time="2.092"><properties><property name="background_scheduled" value="3" /><property name="background_executed" value="0" /><property name="background_generated" value="0" /></properties></testcase><testcase classname="tests.test_punctuation_closed_read_recovery" name="test_closed_mapping_recovery_retains_original_guards[low_score]" time="2.093"><properties><property name="background_scheduled" value="3" /><property name="background_executed" value="0" /><property name="background_generated" value="0" /></properties></testcase><testcase classname="tests.test_punctuation_closed_read_recovery" name="test_closed_mapping_recovery_retains_original_guards[wrong_role]" time="2.274"><properties><property name="background_scheduled" value="3" /><property name="background_executed" value="0" /><property name="background_generated" value="0" /></properties></testcase><testcase classname="tests.test_punctuation_closed_read_recovery" name="test_closed_mapping_recovery_retains_original_guards[unknown_send]" time="2.579"><properties><property name="background_scheduled" value="3" /><property name="background_executed" value="0" /><property name="background_generated" value="0" /></properties></testcase><testcase classname="tests.test_punctuation_closed_read_recovery" name="test_closed_mapping_recovery_retains_original_guards[new_generation]" time="2.700"><properties><property name="background_scheduled" value="3" /><property name="background_executed" value="0" /><property name="background_generated" value="0" /></properties></testcase><testcase classname="tests.test_punctuation_closed_read_recovery" name="test_closed_mapping_recovery_retains_original_guards[other_failure]" time="2.073"><properties><property name="background_scheduled" value="3" /><property name="background_executed" value="0" /><property name="background_generated" value="0" /></properties></testcase><testcase classname="tests.test_punctuation_closed_read_recovery" name="test_real_worker_replays_then_explicit_start_recovers[normal]" time="3.988"><properties><property name="background_scheduled" value="3" /><property name="background_executed" value="0" /><property name="background_generated" value="0" /></properties></testcase><testcase classname="tests.test_punctuation_closed_read_recovery" name="test_real_worker_replays_then_explicit_start_recovers[response_lost]" time="5.444"><properties><property name="background_scheduled" value="3" /><property name="background_executed" value="0" /><property name="background_generated" value="0" /></properties></testcase><testcase classname="tests.test_historical_confidence_worker_http" name="test_confidence_read_reaches_async_send_ack_and_flow[legacy_receipt-False-None]" time="10.987"><properties><property name="background_scheduled" value="1" /><property name="background_executed" value="1" /><property name="background_generated" value="1" /></properties></testcase><testcase classname="tests.test_historical_confidence_worker_http" name="test_confidence_read_reaches_async_send_ack_and_flow[legacy_receipt_loss-False-None]" time="14.310"><properties><property name="background_scheduled" value="1" /><property name="background_executed" value="1" /><property name="background_generated" value="1" /></properties></testcase></testsuite></testsuites>