<?xml version="1.0" encoding="utf-8"?><testsuites name="pytest tests"><testsuite name="pytest" errors="0" failures="0" skipped="0" tests="6" time="76.424" timestamp="2026-09-23T20:36:51.232056+08:00" hostname="zhangwentaodeMacBook-Pro.local"><testcase classname="tests.test_reply_read_failure_restart" name="test_recovered_task_read_failure_survives_restart[offline-pending]" time="11.414"><properties><property name="background_scheduled" value="1" /><property name="background_executed" value="1" /><property name="background_generated" value="1" /></properties></testcase><testcase classname="tests.test_reply_read_failure_restart" name="test_recovered_task_read_failure_survives_restart[offline-running]" time="9.822"><properties><property name="background_scheduled" value="1" /><property name="background_executed" value="1" /><property name="background_generated" value="1" /></properties></testcase><testcase classname="tests.test_reply_read_failure_restart" name="test_recovered_task_read_failure_survives_restart[offline-sequence]" time="16.180"><properties><property name="background_scheduled" value="1" /><property name="background_executed" value="1" /><property name="background_generated" value="1" /></properties></testcase><testcase classname="tests.test_reply_read_failure_restart" name="test_recovered_task_read_failure_survives_restart[lost_response-pending]" time="11.092"><properties><property name="background_scheduled" value="1" /><property name="background_executed" value="1" /><property name="background_generated" value="1" /></properties></testcase><testcase classname="tests.test_reply_read_failure_restart" name="test_recovered_task_read_failure_survives_restart[lost_response-running]" time="10.119"><properties><property name="background_scheduled" value="1" /><property name="background_executed" value="1" /><property name="background_generated" value="1" /></properties></testcase><testcase classname="tests.test_reply_read_failure_restart" name="test_recovered_task_read_failure_survives_restart[lost_response-sequence]" time="15.383"><properties><property name="background_scheduled" value="1" /><property name="background_executed" value="1" /><property name="background_generated" value="1" /></properties></testcase></testsuite></testsuites>