<?xml version="1.0" encoding="utf-8"?><testsuites name="pytest tests"><testsuite name="pytest" errors="0" failures="0" skipped="0" tests="6" time="0.904" timestamp="2026-09-06T10:10:01.882427+08:00" hostname="zhangwentaodeMacBook-Pro.local"><testcase classname="tests.test_task_runner.TaskRunnerTest" name="test_heartbeat_reports_persisted_global_vision_preflight" time="0.022" /><testcase classname="tests.test_task_runner.TaskRunnerTest" name="test_restart_local_flow_backend_empty_replays_outbox_then_pulls" time="0.068" /><testcase classname="tests.test_task_runner.TaskRunnerTest" name="test_restart_triggered_image_recovers_gate_finishes_flow_and_pulls" time="0.054" /><testcase classname="tests.test_task_runner.TaskRunnerTest" name="test_run_status_rejects_mismatched_backend_confirmation" time="0.019" /><testcase classname="tests.test_task_runner.TaskRunnerTest" name="test_sent_reply_ack_network_failure_replays_ack_without_resending_wechat" time="0.556" /><testcase classname="tests.test_task_runner.TaskRunnerTest" name="test_start_requires_backend_confirmation_before_local_running" time="0.036" /></testsuite></testsuites>